[debug] [2020-04-16T09:25:13.855Z] ----------------------------------------------------------------------
[debug] [2020-04-16T09:25:13.858Z] Command:       /usr/local/Cellar/node/13.8.0/bin/node /Users/chris/.npm-packages/bin/firebase deploy --only functions
[debug] [2020-04-16T09:25:13.859Z] CLI Version:   8.0.3
[debug] [2020-04-16T09:25:13.860Z] Platform:      darwin
[debug] [2020-04-16T09:25:13.860Z] Node Version:  v13.8.0
[debug] [2020-04-16T09:25:13.862Z] Time:          Thu Apr 16 2020 19:25:13 GMT+1000 (Australian Eastern Standard Time)
[debug] [2020-04-16T09:25:13.862Z] ----------------------------------------------------------------------
[debug] [2020-04-16T09:25:13.863Z] 
[debug] [2020-04-16T09:25:13.989Z] > command requires scopes: ["email","openid","https://www.googleapis.com/auth/cloudplatformprojects.readonly","https://www.googleapis.com/auth/firebase","https://www.googleapis.com/auth/cloud-platform"]
[debug] [2020-04-16T09:25:14.004Z] > authorizing via signed-in user
[debug] [2020-04-16T09:25:14.005Z] [iam] checking project pantry-b2c15 for permissions ["cloudfunctions.functions.create","cloudfunctions.functions.delete","cloudfunctions.functions.get","cloudfunctions.functions.list","cloudfunctions.functions.update","cloudfunctions.operations.get","firebase.projects.get"]
[debug] [2020-04-16T09:25:14.017Z] >>> HTTP REQUEST POST https://cloudresourcemanager.googleapis.com/v1/projects/pantry-b2c15:testIamPermissions  
 {"permissions":["cloudfunctions.functions.create","cloudfunctions.functions.delete","cloudfunctions.functions.get","cloudfunctions.functions.list","cloudfunctions.functions.update","cloudfunctions.operations.get","firebase.projects.get"]}
[debug] [2020-04-16T09:25:14.536Z] <<< HTTP RESPONSE 200 {"content-type":"application/json; charset=UTF-8","vary":"X-Origin, Referer, Origin,Accept-Encoding","date":"Thu, 16 Apr 2020 09:25:14 GMT","server":"ESF","cache-control":"private","x-xss-protection":"0","x-frame-options":"SAMEORIGIN","x-content-type-options":"nosniff","server-timing":"gfet4t7; dur=201","alt-svc":"quic=\":443\"; ma=2592000; v=\"46,43\",h3-Q050=\":443\"; ma=2592000,h3-Q049=\":443\"; ma=2592000,h3-Q048=\":443\"; ma=2592000,h3-Q046=\":443\"; ma=2592000,h3-Q043=\":443\"; ma=2592000,h3-T050=\":443\"; ma=2592000","accept-ranges":"none","transfer-encoding":"chunked"}
[debug] [2020-04-16T09:25:14.538Z] >>> HTTP REQUEST POST https://iam.googleapis.com/v1/projects/pantry-b2c15/serviceAccounts/pantry-b2c15@appspot.gserviceaccount.com:testIamPermissions  
 {"permissions":["iam.serviceAccounts.actAs"]}
[debug] [2020-04-16T09:25:15.414Z] <<< HTTP RESPONSE 200 {"content-type":"application/json; charset=UTF-8","vary":"X-Origin, Referer, Origin,Accept-Encoding","date":"Thu, 16 Apr 2020 09:25:15 GMT","server":"ESF","cache-control":"private","x-xss-protection":"0","x-frame-options":"SAMEORIGIN","x-content-type-options":"nosniff","alt-svc":"quic=\":443\"; ma=2592000; v=\"46,43\",h3-Q050=\":443\"; ma=2592000,h3-Q049=\":443\"; ma=2592000,h3-Q048=\":443\"; ma=2592000,h3-Q046=\":443\"; ma=2592000,h3-Q043=\":443\"; ma=2592000,h3-T050=\":443\"; ma=2592000","accept-ranges":"none","transfer-encoding":"chunked"}
[info] 
[info] === Deploying to 'pantry-b2c15'...
[info] 
[info] i  deploying functions
[debug] [2020-04-16T09:25:18.065Z] > [functions] package.json contents: {
  "name": "functions",
  "description": "Cloud Functions for Firebase",
  "scripts": {
    "serve": "firebase serve --only functions",
    "shell": "firebase functions:shell",
    "start": "npm run shell",
    "deploy": "firebase deploy --only functions",
    "logs": "firebase functions:log"
  },
  "engines": {
    "node": "8"
  },
  "dependencies": {
    "firebase-admin": "^8.6.0",
    "firebase-functions": "^3.3.0",
    "lodash": "^4.17.15"
  },
  "devDependencies": {
    "firebase-functions-test": "^0.1.6"
  },
  "private": true
}
[info] i  functions: ensuring necessary APIs are enabled...
[debug] [2020-04-16T09:25:18.068Z] >>> HTTP REQUEST GET https://serviceusage.googleapis.com/v1/projects/pantry-b2c15/services/cloudfunctions.googleapis.com  
 
[debug] [2020-04-16T09:25:18.069Z] >>> HTTP REQUEST GET https://serviceusage.googleapis.com/v1/projects/pantry-b2c15/services/runtimeconfig.googleapis.com  
 
[debug] [2020-04-16T09:25:19.675Z] <<< HTTP RESPONSE 200 {"content-type":"application/json; charset=UTF-8","vary":"X-Origin, Referer, Origin,Accept-Encoding","date":"Thu, 16 Apr 2020 09:25:19 GMT","server":"ESF","cache-control":"private","x-xss-protection":"0","x-frame-options":"SAMEORIGIN","x-content-type-options":"nosniff","alt-svc":"quic=\":443\"; ma=2592000; v=\"46,43\",h3-Q050=\":443\"; ma=2592000,h3-Q049=\":443\"; ma=2592000,h3-Q048=\":443\"; ma=2592000,h3-Q046=\":443\"; ma=2592000,h3-Q043=\":443\"; ma=2592000,h3-T050=\":443\"; ma=2592000","accept-ranges":"none","transfer-encoding":"chunked"}
[debug] [2020-04-16T09:25:19.714Z] <<< HTTP RESPONSE 200 {"content-type":"application/json; charset=UTF-8","vary":"X-Origin, Referer, Origin,Accept-Encoding","date":"Thu, 16 Apr 2020 09:25:19 GMT","server":"ESF","cache-control":"private","x-xss-protection":"0","x-frame-options":"SAMEORIGIN","x-content-type-options":"nosniff","alt-svc":"quic=\":443\"; ma=2592000; v=\"46,43\",h3-Q050=\":443\"; ma=2592000,h3-Q049=\":443\"; ma=2592000,h3-Q048=\":443\"; ma=2592000,h3-Q046=\":443\"; ma=2592000,h3-Q043=\":443\"; ma=2592000,h3-T050=\":443\"; ma=2592000","accept-ranges":"none","transfer-encoding":"chunked"}
[info] ✔  functions: all necessary APIs are enabled
[debug] [2020-04-16T09:25:19.716Z] >>> HTTP REQUEST GET https://firebase.googleapis.com/v1beta1/projects/pantry-b2c15/adminSdkConfig  
 
[debug] [2020-04-16T09:25:20.333Z] <<< HTTP RESPONSE 200 {"content-type":"application/json; charset=UTF-8","vary":"X-Origin, Referer, Origin,Accept-Encoding","date":"Thu, 16 Apr 2020 09:25:20 GMT","server":"ESF","cache-control":"private","x-xss-protection":"0","x-frame-options":"SAMEORIGIN","x-content-type-options":"nosniff","alt-svc":"quic=\":443\"; ma=2592000; v=\"46,43\",h3-Q050=\":443\"; ma=2592000,h3-Q049=\":443\"; ma=2592000,h3-Q048=\":443\"; ma=2592000,h3-Q046=\":443\"; ma=2592000,h3-Q043=\":443\"; ma=2592000,h3-T050=\":443\"; ma=2592000","accept-ranges":"none","transfer-encoding":"chunked"}
[info] i  functions: preparing functions directory for uploading...
[debug] [2020-04-16T09:25:20.336Z] >>> HTTP REQUEST GET https://runtimeconfig.googleapis.com/v1beta1/projects/pantry-b2c15/configs  
 
[debug] [2020-04-16T09:25:21.049Z] <<< HTTP RESPONSE 200 {"content-type":"application/json; charset=UTF-8","vary":"X-Origin, Referer, Origin,Accept-Encoding","date":"Thu, 16 Apr 2020 09:25:20 GMT","server":"ESF","cache-control":"private","x-xss-protection":"0","x-frame-options":"SAMEORIGIN","x-content-type-options":"nosniff","alt-svc":"quic=\":443\"; ma=2592000; v=\"46,43\",h3-Q050=\":443\"; ma=2592000,h3-Q049=\":443\"; ma=2592000,h3-Q048=\":443\"; ma=2592000,h3-Q046=\":443\"; ma=2592000,h3-Q043=\":443\"; ma=2592000,h3-T050=\":443\"; ma=2592000","accept-ranges":"none","transfer-encoding":"chunked"}
[debug] [2020-04-16T09:25:21.051Z] >>> HTTP REQUEST GET https://runtimeconfig.googleapis.com/v1beta1/projects/pantry-b2c15/configs/hasura/variables  
 
[debug] [2020-04-16T09:25:22.898Z] <<< HTTP RESPONSE 200 {"content-type":"application/json; charset=UTF-8","vary":"X-Origin, Referer, Origin,Accept-Encoding","date":"Thu, 16 Apr 2020 09:25:22 GMT","server":"ESF","cache-control":"private","x-xss-protection":"0","x-frame-options":"SAMEORIGIN","x-content-type-options":"nosniff","alt-svc":"quic=\":443\"; ma=2592000; v=\"46,43\",h3-Q050=\":443\"; ma=2592000,h3-Q049=\":443\"; ma=2592000,h3-Q048=\":443\"; ma=2592000,h3-Q046=\":443\"; ma=2592000,h3-Q043=\":443\"; ma=2592000,h3-T050=\":443\"; ma=2592000","accept-ranges":"none","transfer-encoding":"chunked"}
[debug] [2020-04-16T09:25:22.900Z] >>> HTTP REQUEST GET https://runtimeconfig.googleapis.com/v1beta1/projects/pantry-b2c15/configs/hasura/variables/gqlurl  
 
[debug] [2020-04-16T09:25:22.901Z] >>> HTTP REQUEST GET https://runtimeconfig.googleapis.com/v1beta1/projects/pantry-b2c15/configs/hasura/variables/adminsecret  
 
[debug] [2020-04-16T09:25:23.406Z] <<< HTTP RESPONSE 200 {"content-type":"application/json; charset=UTF-8","vary":"X-Origin, Referer, Origin,Accept-Encoding","date":"Thu, 16 Apr 2020 09:25:23 GMT","server":"ESF","cache-control":"private","x-xss-protection":"0","x-frame-options":"SAMEORIGIN","x-content-type-options":"nosniff","alt-svc":"quic=\":443\"; ma=2592000; v=\"46,43\",h3-Q050=\":443\"; ma=2592000,h3-Q049=\":443\"; ma=2592000,h3-Q048=\":443\"; ma=2592000,h3-Q046=\":443\"; ma=2592000,h3-Q043=\":443\"; ma=2592000,h3-T050=\":443\"; ma=2592000","accept-ranges":"none","transfer-encoding":"chunked"}
[debug] [2020-04-16T09:25:23.408Z] <<< HTTP RESPONSE 200 {"content-type":"application/json; charset=UTF-8","vary":"X-Origin, Referer, Origin,Accept-Encoding","date":"Thu, 16 Apr 2020 09:25:23 GMT","server":"ESF","cache-control":"private","x-xss-protection":"0","x-frame-options":"SAMEORIGIN","x-content-type-options":"nosniff","alt-svc":"quic=\":443\"; ma=2592000; v=\"46,43\",h3-Q050=\":443\"; ma=2592000,h3-Q049=\":443\"; ma=2592000,h3-Q048=\":443\"; ma=2592000,h3-Q046=\":443\"; ma=2592000,h3-Q043=\":443\"; ma=2592000,h3-T050=\":443\"; ma=2592000","accept-ranges":"none","transfer-encoding":"chunked"}
[info] i  functions: packaged functions (28.52 KB) for uploading
[debug] [2020-04-16T09:25:23.669Z] >>> HTTP REQUEST GET https://cloudfunctions.googleapis.com/v1/projects/pantry-b2c15/locations/-/functions  
 
[debug] [2020-04-16T09:25:24.533Z] <<< HTTP RESPONSE 200 {"content-type":"application/json; charset=UTF-8","vary":"X-Origin, Referer, Origin,Accept-Encoding","date":"Thu, 16 Apr 2020 09:25:24 GMT","server":"ESF","cache-control":"private","x-xss-protection":"0","x-frame-options":"SAMEORIGIN","x-content-type-options":"nosniff","alt-svc":"quic=\":443\"; ma=2592000; v=\"46,43\",h3-Q050=\":443\"; ma=2592000,h3-Q049=\":443\"; ma=2592000,h3-Q048=\":443\"; ma=2592000,h3-Q046=\":443\"; ma=2592000,h3-Q043=\":443\"; ma=2592000,h3-T050=\":443\"; ma=2592000","accept-ranges":"none","transfer-encoding":"chunked"}
[debug] [2020-04-16T09:25:24.537Z] >>> HTTP REQUEST POST https://cloudfunctions.googleapis.com/v1/projects/pantry-b2c15/locations/us-central1/functions:generateUploadUrl  
 
[debug] [2020-04-16T09:25:25.554Z] <<< HTTP RESPONSE 200 {"content-type":"application/json; charset=UTF-8","vary":"X-Origin, Referer, Origin,Accept-Encoding","date":"Thu, 16 Apr 2020 09:25:25 GMT","server":"ESF","cache-control":"private","x-xss-protection":"0","x-frame-options":"SAMEORIGIN","x-content-type-options":"nosniff","alt-svc":"quic=\":443\"; ma=2592000; v=\"46,43\",h3-Q050=\":443\"; ma=2592000,h3-Q049=\":443\"; ma=2592000,h3-Q048=\":443\"; ma=2592000,h3-Q046=\":443\"; ma=2592000,h3-Q043=\":443\"; ma=2592000,h3-T050=\":443\"; ma=2592000","accept-ranges":"none","transfer-encoding":"chunked"}
[debug] [2020-04-16T09:25:25.556Z] >>> HTTP REQUEST PUT https://storage.googleapis.com/gcf-upload-us-central1-3e8e59b2-5344-456d-b45b-e6c1e02d776b/14b93ac9-e7f7-4997-9f55-7e14fb172205.zip?GoogleAccessId=service-376579217847@gcf-admin-robot.iam.gserviceaccount.com&Expires=1587030925&Signature=ZC2WuPmBv3IE%2FFXsx0Yfpw5o3y%2FP3hDeu45dAG09xTvxRyZMBEwZMASEes%2FYLtFEfmUpKd2a%2FGyGeIRm5NOMuDB9jDJWICB7%2BcVKqwivsMutjkJXNr51RPudaVhiaqqhbcKWTwZ%2FqcynBNNtHvFjOVBbD%2BvN%2F6AV0C1n9%2B9j%2F52bONIIv2Ji2RQYMe5sGfyJheyGn9wZ0NH%2BnYL9Qmd8WGNuoGpUqFm7nEMgLf6v1rQvwMwFyeuR47g%2BfbdTfypllwaSQwK8muQekoPosQPClFg6%2FQEfPRxT4yxIhbheZkaB%2BKMx8RrKjz9F%2Fc0g3cjXvSxHczA%2FpxLJqdrgDV6kUA%3D%3D  
 <request body omitted>
[debug] [2020-04-16T09:25:26.177Z] <<< HTTP RESPONSE 200 {"x-guploader-uploadid":"AEnB2UokrSe3gE3Jd7BMWkBbrdTMr61lcG1h3Geq4PvcumEcNuNkl88WIsjgn_51hOC5tqHBZ0G9u4afhHo8HkUUB3SdcBPYSw","etag":"\"f247563a47d2b7e87d37b2056e9cadc8\"","x-goog-generation":"1587029126051402","x-goog-metageneration":"1","x-goog-hash":"crc32c=146Waw==, md5=8kdWOkfSt+h9N7IFbpytyA==","x-goog-stored-content-length":"29205","x-goog-stored-content-encoding":"identity","vary":"Origin","content-length":"0","date":"Thu, 16 Apr 2020 09:25:26 GMT","server":"UploadServer","content-type":"text/html; charset=UTF-8","alt-svc":"quic=\":443\"; ma=2592000; v=\"46,43\",h3-Q050=\":443\"; ma=2592000,h3-Q049=\":443\"; ma=2592000,h3-Q048=\":443\"; ma=2592000,h3-Q046=\":443\"; ma=2592000,h3-Q043=\":443\"; ma=2592000,h3-T050=\":443\"; ma=2592000"}
[info] ✔  functions: functions folder uploaded successfully
[info] i  functions: updating Node.js 8 function processSignUp(us-central1)...
[debug] [2020-04-16T09:25:26.182Z] Trigger is:  {"eventTrigger":{"resource":"projects/pantry-b2c15","eventType":"providers/firebase.auth/eventTypes/user.create","service":"firebaseauth.googleapis.com"}}
[debug] [2020-04-16T09:25:26.183Z] >>> HTTP REQUEST GET https://serviceusage.googleapis.com/v1/projects/pantry-b2c15/services/cloudscheduler.googleapis.com  
 
[debug] [2020-04-16T09:25:27.604Z] <<< HTTP RESPONSE 200 {"content-type":"application/json; charset=UTF-8","vary":"X-Origin, Referer, Origin,Accept-Encoding","date":"Thu, 16 Apr 2020 09:25:27 GMT","server":"ESF","cache-control":"private","x-xss-protection":"0","x-frame-options":"SAMEORIGIN","x-content-type-options":"nosniff","alt-svc":"quic=\":443\"; ma=2592000; v=\"46,43\",h3-Q050=\":443\"; ma=2592000,h3-Q049=\":443\"; ma=2592000,h3-Q048=\":443\"; ma=2592000,h3-Q046=\":443\"; ma=2592000,h3-Q043=\":443\"; ma=2592000,h3-T050=\":443\"; ma=2592000","accept-ranges":"none","transfer-encoding":"chunked"}
[debug] [2020-04-16T09:25:27.606Z] >>> HTTP REQUEST PATCH https://cloudfunctions.googleapis.com/v1/projects/pantry-b2c15/locations/us-central1/functions/processSignUp {"updateMask":"sourceUploadUrl,name,labels,runtime,eventTrigger.resource,eventTrigger.eventType,eventTrigger.service"} 
 {"sourceUploadUrl":"https://storage.googleapis.com/gcf-upload-us-central1-3e8e59b2-5344-456d-b45b-e6c1e02d776b/14b93ac9-e7f7-4997-9f55-7e14fb172205.zip?GoogleAccessId=service-376579217847@gcf-admin-robot.iam.gserviceaccount.com&Expires=1587030925&Signature=ZC2WuPmBv3IE%2FFXsx0Yfpw5o3y%2FP3hDeu45dAG09xTvxRyZMBEwZMASEes%2FYLtFEfmUpKd2a%2FGyGeIRm5NOMuDB9jDJWICB7%2BcVKqwivsMutjkJXNr51RPudaVhiaqqhbcKWTwZ%2FqcynBNNtHvFjOVBbD%2BvN%2F6AV0C1n9%2B9j%2F52bONIIv2Ji2RQYMe5sGfyJheyGn9wZ0NH%2BnYL9Qmd8WGNuoGpUqFm7nEMgLf6v1rQvwMwFyeuR47g%2BfbdTfypllwaSQwK8muQekoPosQPClFg6%2FQEfPRxT4yxIhbheZkaB%2BKMx8RrKjz9F%2Fc0g3cjXvSxHczA%2FpxLJqdrgDV6kUA%3D%3D","name":"projects/pantry-b2c15/locations/us-central1/functions/processSignUp","labels":{"deployment-tool":"cli-firebase"},"eventTrigger":{"resource":"projects/pantry-b2c15","eventType":"providers/firebase.auth/eventTypes/user.create","service":"firebaseauth.googleapis.com"},"runtime":"nodejs8"}
[debug] [2020-04-16T09:25:28.321Z] <<< HTTP RESPONSE 200 {"content-type":"application/json; charset=UTF-8","vary":"X-Origin, Referer, Origin,Accept-Encoding","date":"Thu, 16 Apr 2020 09:25:28 GMT","server":"ESF","cache-control":"private","x-xss-protection":"0","x-frame-options":"SAMEORIGIN","x-content-type-options":"nosniff","alt-svc":"quic=\":443\"; ma=2592000; v=\"46,43\",h3-Q050=\":443\"; ma=2592000,h3-Q049=\":443\"; ma=2592000,h3-Q048=\":443\"; ma=2592000,h3-Q046=\":443\"; ma=2592000,h3-Q043=\":443\"; ma=2592000,h3-T050=\":443\"; ma=2592000","accept-ranges":"none","transfer-encoding":"chunked"}
[debug] [2020-04-16T09:25:28.324Z] >>> HTTP REQUEST GET https://cloudfunctions.googleapis.com/v1/operations/cGFudHJ5LWIyYzE1L3VzLWNlbnRyYWwxL3Byb2Nlc3NTaWduVXAvWUdCX2RWWjU4OEk  
 
[debug] [2020-04-16T09:25:28.836Z] <<< HTTP RESPONSE 200 {"content-type":"application/json; charset=UTF-8","vary":"X-Origin, Referer, Origin,Accept-Encoding","date":"Thu, 16 Apr 2020 09:25:28 GMT","server":"ESF","cache-control":"private","x-xss-protection":"0","x-frame-options":"SAMEORIGIN","x-content-type-options":"nosniff","alt-svc":"quic=\":443\"; ma=2592000; v=\"46,43\",h3-Q050=\":443\"; ma=2592000,h3-Q049=\":443\"; ma=2592000,h3-Q048=\":443\"; ma=2592000,h3-Q046=\":443\"; ma=2592000,h3-Q043=\":443\"; ma=2592000,h3-T050=\":443\"; ma=2592000","accept-ranges":"none","transfer-encoding":"chunked"}
[debug] [2020-04-16T09:25:30.837Z] >>> HTTP REQUEST GET https://cloudfunctions.googleapis.com/v1/operations/cGFudHJ5LWIyYzE1L3VzLWNlbnRyYWwxL3Byb2Nlc3NTaWduVXAvWUdCX2RWWjU4OEk  
 
[debug] [2020-04-16T09:25:31.391Z] <<< HTTP RESPONSE 200 {"content-type":"application/json; charset=UTF-8","vary":"X-Origin, Referer, Origin,Accept-Encoding","date":"Thu, 16 Apr 2020 09:25:31 GMT","server":"ESF","cache-control":"private","x-xss-protection":"0","x-frame-options":"SAMEORIGIN","x-content-type-options":"nosniff","alt-svc":"quic=\":443\"; ma=2592000; v=\"46,43\",h3-Q050=\":443\"; ma=2592000,h3-Q049=\":443\"; ma=2592000,h3-Q048=\":443\"; ma=2592000,h3-Q046=\":443\"; ma=2592000,h3-Q043=\":443\"; ma=2592000,h3-T050=\":443\"; ma=2592000","accept-ranges":"none","transfer-encoding":"chunked"}
[debug] [2020-04-16T09:25:33.393Z] >>> HTTP REQUEST GET https://cloudfunctions.googleapis.com/v1/operations/cGFudHJ5LWIyYzE1L3VzLWNlbnRyYWwxL3Byb2Nlc3NTaWduVXAvWUdCX2RWWjU4OEk  
 
[debug] [2020-04-16T09:25:34.159Z] <<< HTTP RESPONSE 200 {"content-type":"application/json; charset=UTF-8","vary":"X-Origin, Referer, Origin,Accept-Encoding","date":"Thu, 16 Apr 2020 09:25:34 GMT","server":"ESF","cache-control":"private","x-xss-protection":"0","x-frame-options":"SAMEORIGIN","x-content-type-options":"nosniff","alt-svc":"quic=\":443\"; ma=2592000; v=\"46,43\",h3-Q050=\":443\"; ma=2592000,h3-Q049=\":443\"; ma=2592000,h3-Q048=\":443\"; ma=2592000,h3-Q046=\":443\"; ma=2592000,h3-Q043=\":443\"; ma=2592000,h3-T050=\":443\"; ma=2592000","accept-ranges":"none","transfer-encoding":"chunked"}
[debug] [2020-04-16T09:25:36.167Z] >>> HTTP REQUEST GET https://cloudfunctions.googleapis.com/v1/operations/cGFudHJ5LWIyYzE1L3VzLWNlbnRyYWwxL3Byb2Nlc3NTaWduVXAvWUdCX2RWWjU4OEk  
 
[debug] [2020-04-16T09:25:36.614Z] <<< HTTP RESPONSE 200 {"content-type":"application/json; charset=UTF-8","vary":"X-Origin, Referer, Origin,Accept-Encoding","date":"Thu, 16 Apr 2020 09:25:36 GMT","server":"ESF","cache-control":"private","x-xss-protection":"0","x-frame-options":"SAMEORIGIN","x-content-type-options":"nosniff","alt-svc":"quic=\":443\"; ma=2592000; v=\"46,43\",h3-Q050=\":443\"; ma=2592000,h3-Q049=\":443\"; ma=2592000,h3-Q048=\":443\"; ma=2592000,h3-Q046=\":443\"; ma=2592000,h3-Q043=\":443\"; ma=2592000,h3-T050=\":443\"; ma=2592000","accept-ranges":"none","transfer-encoding":"chunked"}
[debug] [2020-04-16T09:25:38.623Z] >>> HTTP REQUEST GET https://cloudfunctions.googleapis.com/v1/operations/cGFudHJ5LWIyYzE1L3VzLWNlbnRyYWwxL3Byb2Nlc3NTaWduVXAvWUdCX2RWWjU4OEk  
 
[debug] [2020-04-16T09:25:39.075Z] <<< HTTP RESPONSE 200 {"content-type":"application/json; charset=UTF-8","vary":"X-Origin, Referer, Origin,Accept-Encoding","date":"Thu, 16 Apr 2020 09:25:38 GMT","server":"ESF","cache-control":"private","x-xss-protection":"0","x-frame-options":"SAMEORIGIN","x-content-type-options":"nosniff","alt-svc":"quic=\":443\"; ma=2592000; v=\"46,43\",h3-Q050=\":443\"; ma=2592000,h3-Q049=\":443\"; ma=2592000,h3-Q048=\":443\"; ma=2592000,h3-Q046=\":443\"; ma=2592000,h3-Q043=\":443\"; ma=2592000,h3-T050=\":443\"; ma=2592000","accept-ranges":"none","transfer-encoding":"chunked"}
[debug] [2020-04-16T09:25:41.078Z] >>> HTTP REQUEST GET https://cloudfunctions.googleapis.com/v1/operations/cGFudHJ5LWIyYzE1L3VzLWNlbnRyYWwxL3Byb2Nlc3NTaWduVXAvWUdCX2RWWjU4OEk  
 
[debug] [2020-04-16T09:25:41.632Z] <<< HTTP RESPONSE 200 {"content-type":"application/json; charset=UTF-8","vary":"X-Origin, Referer, Origin,Accept-Encoding","date":"Thu, 16 Apr 2020 09:25:41 GMT","server":"ESF","cache-control":"private","x-xss-protection":"0","x-frame-options":"SAMEORIGIN","x-content-type-options":"nosniff","alt-svc":"quic=\":443\"; ma=2592000; v=\"46,43\",h3-Q050=\":443\"; ma=2592000,h3-Q049=\":443\"; ma=2592000,h3-Q048=\":443\"; ma=2592000,h3-Q046=\":443\"; ma=2592000,h3-Q043=\":443\"; ma=2592000,h3-T050=\":443\"; ma=2592000","accept-ranges":"none","transfer-encoding":"chunked"}
[debug] [2020-04-16T09:25:43.634Z] >>> HTTP REQUEST GET https://cloudfunctions.googleapis.com/v1/operations/cGFudHJ5LWIyYzE1L3VzLWNlbnRyYWwxL3Byb2Nlc3NTaWduVXAvWUdCX2RWWjU4OEk  
 
[debug] [2020-04-16T09:25:44.194Z] <<< HTTP RESPONSE 200 {"content-type":"application/json; charset=UTF-8","vary":"X-Origin, Referer, Origin,Accept-Encoding","date":"Thu, 16 Apr 2020 09:25:44 GMT","server":"ESF","cache-control":"private","x-xss-protection":"0","x-frame-options":"SAMEORIGIN","x-content-type-options":"nosniff","alt-svc":"quic=\":443\"; ma=2592000; v=\"46,43\",h3-Q050=\":443\"; ma=2592000,h3-Q049=\":443\"; ma=2592000,h3-Q048=\":443\"; ma=2592000,h3-Q046=\":443\"; ma=2592000,h3-Q043=\":443\"; ma=2592000,h3-T050=\":443\"; ma=2592000","accept-ranges":"none","transfer-encoding":"chunked"}
[debug] [2020-04-16T09:25:46.199Z] >>> HTTP REQUEST GET https://cloudfunctions.googleapis.com/v1/operations/cGFudHJ5LWIyYzE1L3VzLWNlbnRyYWwxL3Byb2Nlc3NTaWduVXAvWUdCX2RWWjU4OEk  
 
[debug] [2020-04-16T09:25:46.752Z] <<< HTTP RESPONSE 200 {"content-type":"application/json; charset=UTF-8","vary":"X-Origin, Referer, Origin,Accept-Encoding","date":"Thu, 16 Apr 2020 09:25:46 GMT","server":"ESF","cache-control":"private","x-xss-protection":"0","x-frame-options":"SAMEORIGIN","x-content-type-options":"nosniff","alt-svc":"quic=\":443\"; ma=2592000; v=\"46,43\",h3-Q050=\":443\"; ma=2592000,h3-Q049=\":443\"; ma=2592000,h3-Q048=\":443\"; ma=2592000,h3-Q046=\":443\"; ma=2592000,h3-Q043=\":443\"; ma=2592000,h3-T050=\":443\"; ma=2592000","accept-ranges":"none","transfer-encoding":"chunked"}
[debug] [2020-04-16T09:25:48.756Z] >>> HTTP REQUEST GET https://cloudfunctions.googleapis.com/v1/operations/cGFudHJ5LWIyYzE1L3VzLWNlbnRyYWwxL3Byb2Nlc3NTaWduVXAvWUdCX2RWWjU4OEk  
 
[debug] [2020-04-16T09:25:49.209Z] <<< HTTP RESPONSE 200 {"content-type":"application/json; charset=UTF-8","vary":"X-Origin, Referer, Origin,Accept-Encoding","date":"Thu, 16 Apr 2020 09:25:49 GMT","server":"ESF","cache-control":"private","x-xss-protection":"0","x-frame-options":"SAMEORIGIN","x-content-type-options":"nosniff","alt-svc":"quic=\":443\"; ma=2592000; v=\"46,43\",h3-Q050=\":443\"; ma=2592000,h3-Q049=\":443\"; ma=2592000,h3-Q048=\":443\"; ma=2592000,h3-Q046=\":443\"; ma=2592000,h3-Q043=\":443\"; ma=2592000,h3-T050=\":443\"; ma=2592000","accept-ranges":"none","transfer-encoding":"chunked"}
[debug] [2020-04-16T09:25:51.213Z] >>> HTTP REQUEST GET https://cloudfunctions.googleapis.com/v1/operations/cGFudHJ5LWIyYzE1L3VzLWNlbnRyYWwxL3Byb2Nlc3NTaWduVXAvWUdCX2RWWjU4OEk  
 
[debug] [2020-04-16T09:25:51.774Z] <<< HTTP RESPONSE 200 {"content-type":"application/json; charset=UTF-8","vary":"X-Origin, Referer, Origin,Accept-Encoding","date":"Thu, 16 Apr 2020 09:25:51 GMT","server":"ESF","cache-control":"private","x-xss-protection":"0","x-frame-options":"SAMEORIGIN","x-content-type-options":"nosniff","alt-svc":"quic=\":443\"; ma=2592000; v=\"46,43\",h3-Q050=\":443\"; ma=2592000,h3-Q049=\":443\"; ma=2592000,h3-Q048=\":443\"; ma=2592000,h3-Q046=\":443\"; ma=2592000,h3-Q043=\":443\"; ma=2592000,h3-T050=\":443\"; ma=2592000","accept-ranges":"none","transfer-encoding":"chunked"}
[debug] [2020-04-16T09:25:53.780Z] >>> HTTP REQUEST GET https://cloudfunctions.googleapis.com/v1/operations/cGFudHJ5LWIyYzE1L3VzLWNlbnRyYWwxL3Byb2Nlc3NTaWduVXAvWUdCX2RWWjU4OEk  
 
[debug] [2020-04-16T09:25:54.327Z] <<< HTTP RESPONSE 200 {"content-type":"application/json; charset=UTF-8","vary":"X-Origin, Referer, Origin,Accept-Encoding","date":"Thu, 16 Apr 2020 09:25:54 GMT","server":"ESF","cache-control":"private","x-xss-protection":"0","x-frame-options":"SAMEORIGIN","x-content-type-options":"nosniff","alt-svc":"quic=\":443\"; ma=2592000; v=\"46,43\",h3-Q050=\":443\"; ma=2592000,h3-Q049=\":443\"; ma=2592000,h3-Q048=\":443\"; ma=2592000,h3-Q046=\":443\"; ma=2592000,h3-Q043=\":443\"; ma=2592000,h3-T050=\":443\"; ma=2592000","accept-ranges":"none","transfer-encoding":"chunked"}
[debug] [2020-04-16T09:25:56.329Z] >>> HTTP REQUEST GET https://cloudfunctions.googleapis.com/v1/operations/cGFudHJ5LWIyYzE1L3VzLWNlbnRyYWwxL3Byb2Nlc3NTaWduVXAvWUdCX2RWWjU4OEk  
 
[debug] [2020-04-16T09:25:56.893Z] <<< HTTP RESPONSE 200 {"content-type":"application/json; charset=UTF-8","vary":"X-Origin, Referer, Origin,Accept-Encoding","date":"Thu, 16 Apr 2020 09:25:56 GMT","server":"ESF","cache-control":"private","x-xss-protection":"0","x-frame-options":"SAMEORIGIN","x-content-type-options":"nosniff","alt-svc":"quic=\":443\"; ma=2592000; v=\"46,43\",h3-Q050=\":443\"; ma=2592000,h3-Q049=\":443\"; ma=2592000,h3-Q048=\":443\"; ma=2592000,h3-Q046=\":443\"; ma=2592000,h3-Q043=\":443\"; ma=2592000,h3-T050=\":443\"; ma=2592000","accept-ranges":"none","transfer-encoding":"chunked"}
